# JRE version: Java(TM) SE Runtime Environment (17.0.3.1+2) (build 17.0.3.1+2-LTS-6)
# Java VM: Java HotSpot(TM) 64-Bit Server VM (17.0.3.1+2-LTS-6, mixed mode, emulated-client, sharing, tiered, compressed oops, compressed class ptrs, g1 gc, windows-amd64)
GC Precious Log:
 CPUs: 4 total, 4 available
 Memory: 10154M
 Large Page Support: Disabled
 NUMA Support: Disabled
 Compressed Oops: Enabled (Zero based)
 Heap Region Size: 2M
 Heap Min Capacity: 8M
 Heap Initial Capacity: 160M
 Heap Max Capacity: 2540M
 Pre-touch: Disabled
 Parallel Workers: 4
 Concurrent Workers: 1
 Concurrent Refinement Workers: 4
 Periodic GC: Disabled
Heap:
 garbage-first heap   total 75776K, used 56148K [0x0000000761400000, 0x0000000800000000)
  region size 2048K, 19 young (38912K), 2 survivors (4096K)
 Metaspace       used 51805K, committed 52544K, reserved 1097728K
  class space    used 7055K, committed 7360K, reserved 1048576K
GC Heap History (20 events):
Event: 5.389 GC heap after
{Heap after GC invocations=8 (full 0):
 garbage-first heap   total 59392K, used 17805K [0x0000000761400000, 0x0000000800000000)
  region size 2048K, 1 young (2048K), 1 survivors (2048K)
 Metaspace       used 31371K, committed 31808K, reserved 1081344K
  class space    used 4270K, committed 4480K, reserved 1048576K
}
Event: 5.903 GC heap before
{Heap before GC invocations=8 (full 0):
 garbage-first heap   total 59392K, used 32141K [0x0000000761400000, 0x0000000800000000)
  region size 2048K, 10 young (20480K), 1 survivors (2048K)
 Metaspace       used 35651K, committed 36096K, reserved 1081344K
  class space    used 4822K, committed 5056K, reserved 1048576K
}
Event: 5.907 GC heap after
{Heap after GC invocations=9 (full 0):
 garbage-first heap   total 59392K, used 18875K [0x0000000761400000, 0x0000000800000000)
  region size 2048K, 2 young (4096K), 2 survivors (4096K)
 Metaspace       used 35651K, committed 36096K, reserved 1081344K
  class space    used 4822K, committed 5056K, reserved 1048576K
}
Event: 6.675 GC heap before
{Heap before GC invocations=10 (full 0):
 garbage-first heap   total 59392K, used 43451K [0x0000000761400000, 0x0000000800000000)
  region size 2048K, 14 young (28672K), 2 survivors (4096K)
 Metaspace       used 41420K, committed 41984K, reserved 1089536K
  class space    used 5744K, committed 6016K, reserved 1048576K
}
Event: 6.681 GC heap after
{Heap after GC invocations=11 (full 0):
 garbage-first heap   total 59392K, used 20079K [0x0000000761400000, 0x0000000800000000)
  region size 2048K, 2 young (4096K), 2 survivors (4096K)
 Metaspace       used 41420K, committed 41984K, reserved 1089536K
  class space    used 5744K, committed 6016K, reserved 1048576K
}
Event: 7.401 GC heap before
{Heap before GC invocations=12 (full 0):
 garbage-first heap   total 59392K, used 42607K [0x0000000761400000, 0x0000000800000000)
  region size 2048K, 13 young (26624K), 2 survivors (4096K)
 Metaspace       used 43719K, committed 44224K, reserved 1089536K
  class space    used 6091K, committed 6336K, reserved 1048576K
}
Event: 7.410 GC heap after
{Heap after GC invocations=13 (full 0):
 garbage-first heap   total 59392K, used 22542K [0x0000000761400000, 0x0000000800000000)
  region size 2048K, 2 young (4096K), 2 survivors (4096K)
 Metaspace       used 43719K, committed 44224K, reserved 1089536K
  class space    used 6091K, committed 6336K, reserved 1048576K
}
Event: 25.677 GC heap before
{Heap before GC invocations=13 (full 0):
 garbage-first heap   total 59392K, used 40974K [0x0000000761400000, 0x0000000800000000)
  region size 2048K, 12 young (24576K), 2 survivors (4096K)
 Metaspace       used 48244K, committed 48896K, reserved 1097728K
  class space    used 6671K, committed 6976K, reserved 1048576K
}
Event: 25.686 GC heap after
{Heap after GC invocations=14 (full 0):
 garbage-first heap   total 100352K, used 23755K [0x0000000761400000, 0x0000000800000000)
  region size 2048K, 1 young (2048K), 1 survivors (2048K)
 Metaspace       used 48244K, committed 48896K, reserved 1097728K
  class space    used 6671K, committed 6976K, reserved 1048576K
}
Event: 610.970 GC heap before
{Heap before GC invocations=14 (full 0):
 garbage-first heap   total 100352K, used 46283K [0x0000000761400000, 0x0000000800000000)
  region size 2048K, 14 young (28672K), 1 survivors (2048K)
 Metaspace       used 51608K, committed 52160K, reserved 1097728K
  class space    used 7032K, committed 7296K, reserved 1048576K
}
Event: 611.024 GC heap after
{Heap after GC invocations=15 (full 1):
 garbage-first heap   total 81920K, used 21475K [0x0000000761400000, 0x0000000800000000)
  region size 2048K, 0 young (0K), 0 survivors (0K)
 Metaspace       used 51601K, committed 52160K, reserved 1097728K
  class space    used 7031K, committed 7296K, reserved 1048576K
}
Event: 629.808 GC heap before
{Heap before GC invocations=15 (full 1):
 garbage-first heap   total 81920K, used 58339K [0x0000000761400000, 0x0000000800000000)
  region size 2048K, 19 young (38912K), 0 survivors (0K)
 Metaspace       used 51826K, committed 52416K, reserved 1097728K
  class space    used 7085K, committed 7360K, reserved 1048576K
}
Event: 629.811 GC heap after
{Heap after GC invocations=16 (full 1):
 garbage-first heap   total 81920K, used 22688K [0x0000000761400000, 0x0000000800000000)
  region size 2048K, 1 young (2048K), 1 survivors (2048K)
 Metaspace       used 51826K, committed 52416K, reserved 1097728K
  class space    used 7085K, committed 7360K, reserved 1048576K
}
Event: 630.765 GC heap before
{Heap before GC invocations=16 (full 1):
 garbage-first heap   total 81920K, used 61600K [0x0000000761400000, 0x0000000800000000)
  region size 2048K, 20 young (40960K), 1 survivors (2048K)
 Metaspace       used 51987K, committed 52544K, reserved 1097728K
  class space    used 7102K, committed 7360K, reserved 1048576K
}
Event: 630.772 GC heap after
{Heap after GC invocations=17 (full 1):
 garbage-first heap   total 81920K, used 26018K [0x0000000761400000, 0x0000000800000000)
  region size 2048K, 3 young (6144K), 3 survivors (6144K)
 Metaspace       used 51987K, committed 52544K, reserved 1097728K
  class space    used 7102K, committed 7360K, reserved 1048576K
}
Event: 637.418 GC heap before
{Heap before GC invocations=17 (full 1):
 garbage-first heap   total 81920K, used 34210K [0x0000000761400000, 0x0000000800000000)
  region size 2048K, 8 young (16384K), 3 survivors (6144K)
 Metaspace       used 51993K, committed 52544K, reserved 1097728K
  class space    used 7104K, committed 7360K, reserved 1048576K
}
Event: 637.489 GC heap after
{Heap after GC invocations=18 (full 2):
 garbage-first heap   total 75776K, used 20457K [0x0000000761400000, 0x0000000800000000)
  region size 2048K, 0 young (0K), 0 survivors (0K)
 Metaspace       used 51694K, committed 52544K, reserved 1097728K
  class space    used 7039K, committed 7360K, reserved 1048576K
}
Event: 727.703 GC heap before
{Heap before GC invocations=18 (full 2):
 garbage-first heap   total 75776K, used 55273K [0x0000000761400000, 0x0000000800000000)
  region size 2048K, 18 young (36864K), 0 survivors (0K)
 Metaspace       used 51756K, committed 52544K, reserved 1097728K
  class space    used 7048K, committed 7360K, reserved 1048576K
}
Event: 727.705 GC heap after
{Heap after GC invocations=19 (full 2):
 garbage-first heap   total 75776K, used 21332K [0x0000000761400000, 0x0000000800000000)
  region size 2048K, 1 young (2048K), 1 survivors (2048K)
 Metaspace       used 51756K, committed 52544K, reserved 1097728K
  class space    used 7048K, committed 7360K, reserved 1048576K
}
Event: 731.842 GC heap before
{Heap before GC invocations=19 (full 2):
 garbage-first heap   total 75776K, used 56148K [0x0000000761400000, 0x0000000800000000)
  region size 2048K, 18 young (36864K), 1 survivors (2048K)
 Metaspace       used 51805K, committed 52544K, reserved 1097728K
  class space    used 7055K, committed 7360K, reserved 1048576K
}

